<?xml version="1.0" encoding="UTF-8"?>
<testng-results skipped="0" failed="0" total="0" passed="0">
  <reporter-output>
  </reporter-output>
  <suite name="Orion3_Navigation" duration-ms="5" started-at="2015-04-08T06:55:53Z" finished-at="2015-04-08T06:55:54Z">
    <groups>
    </groups>
    <test name="Orion3_Navigation_FireFox" duration-ms="5" started-at="2015-04-08T06:55:53Z" finished-at="2015-04-08T06:55:54Z">
      <class name="orion3_Variables.EnvironmentVariables">
        <test-method status="PASS" signature="BeforeSuite_Orion3(java.lang.String, java.lang.String, java.lang.String, org.testng.ITestContext)[pri:0, instance:orion3_Variables.EnvironmentVariables@c1fdc4]" name="BeforeSuite_Orion3" is-config="true" duration-ms="402" started-at="2015-04-08T12:25:53Z" finished-at="2015-04-08T12:25:53Z">
          <params>
            <param index="0">
              <value>
                <![CDATA[DEV]]>
              </value>
            </param>
            <param index="1">
              <value>
                <![CDATA[localhost]]>
              </value>
            </param>
            <param index="2">
              <value>
                <![CDATA[4444]]>
              </value>
            </param>
            <param index="3">
              <value>
                <![CDATA[org.testng.TestRunner@c1c010]]>
              </value>
            </param>
          </params>
          <reporter-output>
          </reporter-output>
        </test-method> <!-- BeforeSuite_Orion3 -->
      </class> <!-- orion3_Variables.EnvironmentVariables -->
    </test> <!-- Orion3_Navigation_FireFox -->
  </suite> <!-- Orion3_Navigation -->
</testng-results>
