<?xml version="1.0" encoding="UTF-8"?>
<testng-results skipped="0" failed="1" total="7" passed="6">
  <reporter-output>
    <line>
      <![CDATA[[SubmitLead][2015.04.23]'[01:25:36]     Pass: Close Page button did appear as expected]]>
    </line>
    <line>
      <![CDATA[[SubmitLead][2015.04.23]'[01:25:36]     Pass: Reset Page button did appear as expected]]>
    </line>
  </reporter-output>
  <suite name="Orion3_Navigation" duration-ms="206723" started-at="2015-04-23T07:54:37Z" finished-at="2015-04-23T07:58:04Z">
    <groups>
    </groups>
    <test name="Orion3_Navigation_FireFox" duration-ms="206723" started-at="2015-04-23T07:54:37Z" finished-at="2015-04-23T07:58:04Z">
      <class name="orion3_LeadCreation.StudentManager">
        <test-method status="PASS" signature="BeforeNavigation(java.lang.String)[pri:0, instance:orion3_LeadCreation.StudentManager@4d9ebf]" name="BeforeNavigation" is-config="true" duration-ms="30941" started-at="2015-04-23T13:24:37Z" finished-at="2015-04-23T13:25:08Z">
          <params>
            <param index="0">
              <value>
                <![CDATA[firefox]]>
              </value>
            </param>
          </params>
          <reporter-output>
          </reporter-output>
        </test-method> <!-- BeforeNavigation -->
        <test-method status="PASS" signature="BrowseToAddNewLeadPage(java.lang.reflect.Method)[pri:0, instance:orion3_LeadCreation.StudentManager@4d9ebf]" name="BrowseToAddNewLeadPage" duration-ms="17603" started-at="2015-04-23T13:25:08Z" finished-at="2015-04-23T13:25:26Z">
          <params>
            <param index="0">
              <value>
                <![CDATA[public void orion3_LeadCreation.StudentManager.BrowseToAddNewLeadPage(java.lang.reflect.Method)]]>
              </value>
            </param>
          </params>
          <reporter-output>
          </reporter-output>
        </test-method> <!-- BrowseToAddNewLeadPage -->
        <test-method status="PASS" signature="Leads_ClassificationDetails(java.lang.reflect.Method)[pri:0, instance:orion3_LeadCreation.StudentManager@4d9ebf]" name="Leads_ClassificationDetails" duration-ms="1883" started-at="2015-04-23T13:25:26Z" depends-on-methods="orion3_LeadCreation.StudentManager.BrowseToAddNewLeadPage" finished-at="2015-04-23T13:25:28Z">
          <params>
            <param index="0">
              <value>
                <![CDATA[public void orion3_LeadCreation.StudentManager.Leads_ClassificationDetails(java.lang.reflect.Method)]]>
              </value>
            </param>
          </params>
          <reporter-output>
          </reporter-output>
        </test-method> <!-- Leads_ClassificationDetails -->
        <test-method status="PASS" signature="Leads_ProgramOfInterest(java.lang.reflect.Method)[pri:0, instance:orion3_LeadCreation.StudentManager@4d9ebf]" name="Leads_ProgramOfInterest" duration-ms="1967" started-at="2015-04-23T13:25:28Z" depends-on-methods="orion3_LeadCreation.StudentManager.Leads_ClassificationDetails" finished-at="2015-04-23T13:25:30Z">
          <params>
            <param index="0">
              <value>
                <![CDATA[public void orion3_LeadCreation.StudentManager.Leads_ProgramOfInterest(java.lang.reflect.Method)]]>
              </value>
            </param>
          </params>
          <reporter-output>
          </reporter-output>
        </test-method> <!-- Leads_ProgramOfInterest -->
        <test-method status="PASS" signature="Leads_Details(java.lang.reflect.Method)[pri:0, instance:orion3_LeadCreation.StudentManager@4d9ebf]" name="Leads_Details" duration-ms="2150" started-at="2015-04-23T13:25:30Z" depends-on-methods="orion3_LeadCreation.StudentManager.Leads_ProgramOfInterest" finished-at="2015-04-23T13:25:32Z">
          <params>
            <param index="0">
              <value>
                <![CDATA[public void orion3_LeadCreation.StudentManager.Leads_Details(java.lang.reflect.Method)]]>
              </value>
            </param>
          </params>
          <reporter-output>
          </reporter-output>
        </test-method> <!-- Leads_Details -->
        <test-method status="PASS" signature="SubmitLead(java.lang.reflect.Method)[pri:0, instance:orion3_LeadCreation.StudentManager@4d9ebf]" name="SubmitLead" duration-ms="4295" started-at="2015-04-23T13:25:32Z" depends-on-methods="orion3_LeadCreation.StudentManager.Leads_Details" finished-at="2015-04-23T13:25:36Z">
          <params>
            <param index="0">
              <value>
                <![CDATA[public void orion3_LeadCreation.StudentManager.SubmitLead(java.lang.reflect.Method)]]>
              </value>
            </param>
          </params>
          <reporter-output>
            <line>
              <![CDATA[[SubmitLead][2015.04.23]'[01:25:36]     Pass: Close Page button did appear as expected]]>
            </line>
            <line>
              <![CDATA[[SubmitLead][2015.04.23]'[01:25:36]     Pass: Reset Page button did appear as expected]]>
            </line>
          </reporter-output>
        </test-method> <!-- SubmitLead -->
        <test-method status="PASS" signature="VerifyLeadInAdmisssionManager(java.lang.reflect.Method)[pri:0, instance:orion3_LeadCreation.StudentManager@4d9ebf]" name="VerifyLeadInAdmisssionManager" duration-ms="42414" started-at="2015-04-23T13:25:36Z" depends-on-methods="orion3_LeadCreation.StudentManager.SubmitLead" finished-at="2015-04-23T13:26:18Z">
          <params>
            <param index="0">
              <value>
                <![CDATA[public void orion3_LeadCreation.StudentManager.VerifyLeadInAdmisssionManager(java.lang.reflect.Method)]]>
              </value>
            </param>
          </params>
          <reporter-output>
          </reporter-output>
        </test-method> <!-- VerifyLeadInAdmisssionManager -->
        <test-method status="FAIL" signature="ContactInformationTabDetails(java.lang.reflect.Method)[pri:0, instance:orion3_LeadCreation.StudentManager@4d9ebf]" name="ContactInformationTabDetails" duration-ms="104780" started-at="2015-04-23T13:26:18Z" depends-on-methods="orion3_LeadCreation.StudentManager.VerifyLeadInAdmisssionManager" finished-at="2015-04-23T13:28:03Z">
          <params>
            <param index="0">
              <value>
                <![CDATA[public void orion3_LeadCreation.StudentManager.ContactInformationTabDetails(java.lang.reflect.Method)]]>
              </value>
            </param>
          </params>
          <exception class="org.openqa.selenium.NoSuchElementException">
            <message>
              <![CDATA[Cannot locate option with index: 1
For documentation on this error, please visit: http://seleniumhq.org/exceptions/no_such_element.html
Build info: version: '2.44.0', revision: '76d78cf', time: '2014-10-23 20:02:37'
System info: host: 'G-0439', ip: '10.163.105.45', os.name: 'Windows 7', os.arch: 'x86', os.version: '6.1', java.version: '1.7.0_80'
Driver info: driver.version: unknown]]>
            </message>
            <full-stacktrace>
              <![CDATA[org.openqa.selenium.NoSuchElementException: Cannot locate option with index: 1
For documentation on this error, please visit: http://seleniumhq.org/exceptions/no_such_element.html
Build info: version: '2.44.0', revision: '76d78cf', time: '2014-10-23 20:02:37'
System info: host: 'G-0439', ip: '10.163.105.45', os.name: 'Windows 7', os.arch: 'x86', os.version: '6.1', java.version: '1.7.0_80'
Driver info: driver.version: unknown
	at org.openqa.selenium.support.ui.Select.selectByIndex(Select.java:183)
	at orion3_LeadCreation.StudentManager.ContactInformationTabDetails(StudentManager.java:306)
	at sun.reflect.NativeMethodAccessorImpl.invoke0(Native Method)
	at sun.reflect.NativeMethodAccessorImpl.invoke(Unknown Source)
	at sun.reflect.DelegatingMethodAccessorImpl.invoke(Unknown Source)
	at java.lang.reflect.Method.invoke(Unknown Source)
	at org.testng.internal.MethodInvocationHelper.invokeMethod(MethodInvocationHelper.java:84)
	at org.testng.internal.Invoker.invokeMethod(Invoker.java:714)
	at org.testng.internal.Invoker.invokeTestMethod(Invoker.java:901)
	at org.testng.internal.Invoker.invokeTestMethods(Invoker.java:1231)
	at org.testng.internal.TestMethodWorker.invokeTestMethods(TestMethodWorker.java:127)
	at org.testng.internal.TestMethodWorker.run(TestMethodWorker.java:111)
	at org.testng.TestRunner.privateRun(TestRunner.java:767)
	at org.testng.TestRunner.run(TestRunner.java:617)
	at org.testng.SuiteRunner.runTest(SuiteRunner.java:334)
	at org.testng.SuiteRunner.runSequentially(SuiteRunner.java:329)
	at org.testng.SuiteRunner.privateRun(SuiteRunner.java:291)
	at org.testng.SuiteRunner.run(SuiteRunner.java:240)
	at org.testng.SuiteRunnerWorker.runSuite(SuiteRunnerWorker.java:52)
	at org.testng.SuiteRunnerWorker.run(SuiteRunnerWorker.java:86)
	at org.testng.TestNG.runSuitesSequentially(TestNG.java:1224)
	at org.testng.TestNG.runSuitesLocally(TestNG.java:1149)
	at org.testng.TestNG.run(TestNG.java:1057)
	at org.testng.remote.RemoteTestNG.run(RemoteTestNG.java:111)
	at org.testng.remote.RemoteTestNG.initAndRun(RemoteTestNG.java:204)
	at org.testng.remote.RemoteTestNG.main(RemoteTestNG.java:175)
]]>
            </full-stacktrace>
          </exception> <!-- org.openqa.selenium.NoSuchElementException -->
          <reporter-output>
          </reporter-output>
        </test-method> <!-- ContactInformationTabDetails -->
        <test-method status="PASS" signature="AfterNavigation()[pri:0, instance:orion3_LeadCreation.StudentManager@4d9ebf]" name="AfterNavigation" is-config="true" duration-ms="246" started-at="2015-04-23T13:28:04Z" finished-at="2015-04-23T13:28:04Z">
          <reporter-output>
          </reporter-output>
        </test-method> <!-- AfterNavigation -->
      </class> <!-- orion3_LeadCreation.StudentManager -->
      <class name="orion3_Variables.EnvironmentVariables">
        <test-method status="PASS" signature="BeforeSuite_Orion3(java.lang.String, java.lang.String, java.lang.String, org.testng.ITestContext)[pri:0, instance:orion3_Variables.EnvironmentVariables@457235]" name="BeforeSuite_Orion3" is-config="true" duration-ms="201" started-at="2015-04-23T13:24:37Z" finished-at="2015-04-23T13:24:37Z">
          <params>
            <param index="0">
              <value>
                <![CDATA[STAGE]]>
              </value>
            </param>
            <param index="1">
              <value>
                <![CDATA[localhost]]>
              </value>
            </param>
            <param index="2">
              <value>
                <![CDATA[4444]]>
              </value>
            </param>
            <param index="3">
              <value>
                <![CDATA[org.testng.TestRunner@d9cf64]]>
              </value>
            </param>
          </params>
          <reporter-output>
          </reporter-output>
        </test-method> <!-- BeforeSuite_Orion3 -->
      </class> <!-- orion3_Variables.EnvironmentVariables -->
    </test> <!-- Orion3_Navigation_FireFox -->
  </suite> <!-- Orion3_Navigation -->
</testng-results>
