<?xml version="1.0" encoding="UTF-8"?>
<!-- Generated by org.testng.reporters.JUnitXMLReporter -->
<testsuite hostname="G-0439" name="Orion3_Navigation_FireFox" tests="5" failures="1" timestamp="14 Apr 2016 10:43:46 GMT" time="785.059" errors="0">
  <testcase name="BrowseToAddNewReferralLeadPage" time="212.993" classname="inquiry_Leads.SRM_Genesys_ValidateMilitary"/>
  <testcase name="SearchInquirySRM" time="83.533" classname="inquiry_Leads.SRM_Genesys_ValidateMilitary"/>
  <testcase name="SearchStudent_IWD" time="223.105" classname="inquiry_Leads.SRM_Genesys_ValidateMilitary"/>
  <testcase name="UpdateInquiryMilitaryValueSRM" time="55.347" classname="inquiry_Leads.SRM_Genesys_ValidateMilitary"/>
  <testcase name="SearchMilitaryStatusAfterModification_IWD" time="173.422" classname="inquiry_Leads.SRM_Genesys_ValidateMilitary">
    <failure type="java.lang.AssertionError" message="2 tasks in IWD expected [true] but found [false]">
      <![CDATA[java.lang.AssertionError: 2 tasks in IWD expected [true] but found [false]
	at inquiry_Leads.SRM_Genesys_ValidateMilitary.SearchMilitaryStatusAfterModification_IWD(SRM_Genesys_ValidateMilitary.java:618)
... Removed 27 stack frames]]>
    </failure>
  </testcase> <!-- SearchMilitaryStatusAfterModification_IWD -->
</testsuite> <!-- Orion3_Navigation_FireFox -->
