<?xml version="1.0" encoding="UTF-8"?>
<!-- Generated by org.testng.reporters.JUnitXMLReporter -->
<testsuite hostname="G-0439" name="Orion3_Navigation_FireFox" tests="5" failures="0" timestamp="19 Jan 2016 09:24:39 GMT" time="1337.094" errors="0">
  <testcase name="BrowseToAddInfoCallLeadPage" time="247.561" classname="validateStartDate_InformationSRM.ValidateStartDate_Information"/>
  <testcase name="VerifyLeadInSRM" time="11.837" classname="validateStartDate_InformationSRM.ValidateStartDate_Information"/>
  <testcase name="Lead_Flow" time="190.968" classname="validateStartDate_InformationSRM.ValidateStartDate_Information"/>
  <testcase name="SRM__Lead_Details" time="701.874" classname="validateStartDate_InformationSRM.ValidateStartDate_Information"/>
  <testcase name="VerifyOpportunityInSRM" time="102.892" classname="validateStartDate_InformationSRM.ValidateStartDate_Information"/>
</testsuite> <!-- Orion3_Navigation_FireFox -->
