<?xml version="1.0" encoding="UTF-8"?>
<!-- Generated by org.testng.reporters.JUnitXMLReporter -->
<testsuite hostname="G-0439" name="KUPDocCollection_FireFox" tests="2" failures="0" timestamp="2 Apr 2015 14:06:37 GMT" time="1.524" errors="0">
  <testcase name="@BeforeClass BeforeNavigation" time="0.0" classname="orion1_SearchLeads.Search_Leads">
    <failure type="java.lang.NullPointerException">
      <![CDATA[java.lang.NullPointerException
	at orion1_SearchLeads.Search_Leads.BeforeNavigation(Search_Leads.java:91)
... Removed 24 stack frames]]>
    </failure>
  </testcase> <!-- @BeforeClass BeforeNavigation -->
  <testcase name="@AfterClass AfterNavigation" time="0.0" classname="orion1_SearchLeads.Search_Leads">
    <skipped/>
  </testcase> <!-- @AfterClass AfterNavigation -->
  <testcase name="ClickOnFirstLeads" time="0.001" classname="orion1_SearchLeads.Search_Leads">
    <skipped/>
  </testcase> <!-- ClickOnFirstLeads -->
  <testcase name="SearchLeadsInformationDetails" time="0.0" classname="orion1_SearchLeads.Search_Leads">
    <skipped/>
  </testcase> <!-- SearchLeadsInformationDetails -->
</testsuite> <!-- KUPDocCollection_FireFox -->
