<?xml version="1.0" encoding="UTF-8"?>
<testng-results skipped="0" failed="0" total="1" passed="1">
  <reporter-output>
  </reporter-output>
  <suite name="Orion3_Navigation" duration-ms="166539" started-at="2015-07-24T12:50:14Z" finished-at="2015-07-24T12:53:00Z">
    <groups>
    </groups>
    <test name="Orion3_Navigation_FireFox" duration-ms="166539" started-at="2015-07-24T12:50:14Z" finished-at="2015-07-24T12:53:00Z">
      <class name="inquiry_Leads.AddInquiry_Referral_Lead_Creation">
        <test-method status="PASS" signature="BeforeNavigation(java.lang.String)[pri:0, instance:inquiry_Leads.AddInquiry_Referral_Lead_Creation@17e7f88]" name="BeforeNavigation" is-config="true" duration-ms="35836" started-at="2015-07-24T18:20:14Z" finished-at="2015-07-24T18:20:49Z">
          <params>
            <param index="0">
              <value>
                <![CDATA[firefox]]>
              </value>
            </param>
          </params>
          <reporter-output>
          </reporter-output>
        </test-method> <!-- BeforeNavigation -->
        <test-method status="PASS" signature="BrowseToAddNewReferralLeadPage(java.lang.reflect.Method)[pri:0, instance:inquiry_Leads.AddInquiry_Referral_Lead_Creation@17e7f88]" name="BrowseToAddNewReferralLeadPage" duration-ms="123135" started-at="2015-07-24T18:20:49Z" finished-at="2015-07-24T18:22:53Z">
          <params>
            <param index="0">
              <value>
                <![CDATA[public void inquiry_Leads.AddInquiry_Referral_Lead_Creation.BrowseToAddNewReferralLeadPage(java.lang.reflect.Method) throws java.lang.InterruptedException]]>
              </value>
            </param>
          </params>
          <reporter-output>
          </reporter-output>
        </test-method> <!-- BrowseToAddNewReferralLeadPage -->
        <test-method status="PASS" signature="AfterNavigation()[pri:0, instance:inquiry_Leads.AddInquiry_Referral_Lead_Creation@17e7f88]" name="AfterNavigation" is-config="true" duration-ms="7512" started-at="2015-07-24T18:22:53Z" finished-at="2015-07-24T18:23:00Z">
          <reporter-output>
          </reporter-output>
        </test-method> <!-- AfterNavigation -->
      </class> <!-- inquiry_Leads.AddInquiry_Referral_Lead_Creation -->
      <class name="orion3_Variables.EnvironmentVariables">
        <test-method status="PASS" signature="BeforeSuite_Orion3(java.lang.String, java.lang.String, java.lang.String, org.testng.ITestContext)[pri:0, instance:orion3_Variables.EnvironmentVariables@1ff88c3]" name="BeforeSuite_Orion3" is-config="true" duration-ms="330" started-at="2015-07-24T18:20:13Z" finished-at="2015-07-24T18:20:14Z">
          <params>
            <param index="0">
              <value>
                <![CDATA[TEST]]>
              </value>
            </param>
            <param index="1">
              <value>
                <![CDATA[localhost]]>
              </value>
            </param>
            <param index="2">
              <value>
                <![CDATA[4444]]>
              </value>
            </param>
            <param index="3">
              <value>
                <![CDATA[org.testng.TestRunner@d9bb49]]>
              </value>
            </param>
          </params>
          <reporter-output>
          </reporter-output>
        </test-method> <!-- BeforeSuite_Orion3 -->
      </class> <!-- orion3_Variables.EnvironmentVariables -->
    </test> <!-- Orion3_Navigation_FireFox -->
  </suite> <!-- Orion3_Navigation -->
</testng-results>
