<?xml version="1.0" encoding="UTF-8"?>
<testng-results skipped="0" failed="0" total="3" passed="3">
  <reporter-output>
  </reporter-output>
  <suite name="Orion1CLS" duration-ms="176813" started-at="2016-02-10T13:35:00Z" finished-at="2016-02-10T13:37:57Z">
    <groups>
    </groups>
    <test name="Orion1CLS_firefox" duration-ms="176813" started-at="2016-02-10T13:35:00Z" finished-at="2016-02-10T13:37:57Z">
      <class name="orion1_NewLeads.Lead_Referral">
        <test-method status="PASS" signature="BeforeNavigation(java.lang.String)[pri:0, instance:orion1_NewLeads.Lead_Referral@6af2fb]" name="BeforeNavigation" is-config="true" duration-ms="24010" started-at="2016-02-10T19:05:00Z" finished-at="2016-02-10T19:05:24Z">
          <params>
            <param index="0">
              <value>
                <![CDATA[firefox]]>
              </value>
            </param>
          </params>
          <reporter-output>
          </reporter-output>
        </test-method> <!-- BeforeNavigation -->
        <test-method status="PASS" signature="BrowseToAddNewLeadPage(java.lang.reflect.Method)[pri:0, instance:orion1_NewLeads.Lead_Referral@6af2fb]" name="BrowseToAddNewLeadPage" duration-ms="18930" started-at="2016-02-10T19:05:24Z" finished-at="2016-02-10T19:05:43Z">
          <params>
            <param index="0">
              <value>
                <![CDATA[public void orion1_NewLeads.Lead_Referral.BrowseToAddNewLeadPage(java.lang.reflect.Method)]]>
              </value>
            </param>
          </params>
          <reporter-output>
          </reporter-output>
        </test-method> <!-- BrowseToAddNewLeadPage -->
        <test-method status="PASS" signature="Leads_Submit(java.lang.reflect.Method)[pri:0, instance:orion1_NewLeads.Lead_Referral@6af2fb]" name="Leads_Submit" duration-ms="19645" started-at="2016-02-10T19:05:43Z" depends-on-methods="orion1_NewLeads.Lead_Referral.BrowseToAddNewLeadPage" finished-at="2016-02-10T19:06:03Z">
          <params>
            <param index="0">
              <value>
                <![CDATA[public void orion1_NewLeads.Lead_Referral.Leads_Submit(java.lang.reflect.Method) throws java.lang.InterruptedException]]>
              </value>
            </param>
          </params>
          <reporter-output>
          </reporter-output>
        </test-method> <!-- Leads_Submit -->
        <test-method status="PASS" signature="VerifyLeadInAdmisssionManager(java.lang.reflect.Method)[pri:0, instance:orion1_NewLeads.Lead_Referral@6af2fb]" name="VerifyLeadInAdmisssionManager" duration-ms="113806" started-at="2016-02-10T19:06:03Z" depends-on-methods="orion1_NewLeads.Lead_Referral.Leads_Submit" finished-at="2016-02-10T19:07:57Z">
          <params>
            <param index="0">
              <value>
                <![CDATA[public void orion1_NewLeads.Lead_Referral.VerifyLeadInAdmisssionManager(java.lang.reflect.Method)]]>
              </value>
            </param>
          </params>
          <reporter-output>
          </reporter-output>
        </test-method> <!-- VerifyLeadInAdmisssionManager -->
        <test-method status="PASS" signature="AfterNavigation()[pri:0, instance:orion1_NewLeads.Lead_Referral@6af2fb]" name="AfterNavigation" is-config="true" duration-ms="406" started-at="2016-02-10T19:07:57Z" finished-at="2016-02-10T19:07:57Z">
          <reporter-output>
          </reporter-output>
        </test-method> <!-- AfterNavigation -->
      </class> <!-- orion1_NewLeads.Lead_Referral -->
      <class name="environment.EnvironmentVariables">
        <test-method status="PASS" signature="BeforeSuite_Orion1(java.lang.String, java.lang.String, java.lang.String, org.testng.ITestContext)[pri:0, instance:environment.EnvironmentVariables@adb24]" name="BeforeSuite_Orion1" is-config="true" duration-ms="18" started-at="2016-02-10T19:05:00Z" finished-at="2016-02-10T19:05:00Z">
          <params>
            <param index="0">
              <value>
                <![CDATA[STAGE]]>
              </value>
            </param>
            <param index="1">
              <value>
                <![CDATA[localhost]]>
              </value>
            </param>
            <param index="2">
              <value>
                <![CDATA[4444]]>
              </value>
            </param>
            <param index="3">
              <value>
                <![CDATA[org.testng.TestRunner@10aff2c]]>
              </value>
            </param>
          </params>
          <reporter-output>
          </reporter-output>
        </test-method> <!-- BeforeSuite_Orion1 -->
      </class> <!-- environment.EnvironmentVariables -->
    </test> <!-- Orion1CLS_firefox -->
  </suite> <!-- Orion1CLS -->
</testng-results>
