<?xml version="1.0" encoding="UTF-8"?>
<testng-results skipped="0" failed="4" total="10" passed="6">
  <reporter-output>
    <line>
      <![CDATA[CheckHome]]>
    </line>
    <line>
      <![CDATA[CheckMyStudies]]>
    </line>
    <line>
      <![CDATA[AboutKaplanUniversity]]>
    </line>
    <line>
      <![CDATA[LinkReference_LandingPage]]>
    </line>
    <line>
      <![CDATA[[AboutKaplanUniversity][2014.12.05]'[08:28:38]     Starts]]>
    </line>
    <line>
      <![CDATA[[LinkReference_LandingPage][2014.12.05]'[08:28:38]     Starts]]>
    </line>
    <line>
      <![CDATA[[LinkReference_LandingPage][2014.12.05]'[08:28:40]     Pass: Out of school and need to make a payment?  link reference is correct]]>
    </line>
    <line>
      <![CDATA[[LinkReference_LandingPage][2014.12.05]'[08:28:40]     Pass: All Programs link reference is correct]]>
    </line>
    <line>
      <![CDATA[[LinkReference_LandingPage][2014.12.05]'[08:28:40]     Pass: Apply link reference is correct]]>
    </line>
    <line>
      <![CDATA[[LinkReference_LandingPage][2014.12.05]'[08:28:41]     Pass: About Kaplan University link reference is correct]]>
    </line>
    <line>
      <![CDATA[[LinkReference_LandingPage][2014.12.05]'[08:28:41]     Pass: Tuition and Financial Aid link reference is correct]]>
    </line>
    <line>
      <![CDATA[[LinkReference_LandingPage][2014.12.05]'[08:28:42]     Pass: Mission link reference is correct]]>
    </line>
    <line>
      <![CDATA[[LinkReference_LandingPage][2014.12.05]'[08:28:42]     Pass: Press Room link reference is correct]]>
    </line>
    <line>
      <![CDATA[[LinkReference_LandingPage][2014.12.05]'[08:28:43]     Pass: Contact Us link reference is correct]]>
    </line>
    <line>
      <![CDATA[[LinkReference_LandingPage][2014.12.05]'[08:28:43]     Pass: Join Our Faculty link reference is correct]]>
    </line>
    <line>
      <![CDATA[[LinkReference_LandingPage][2014.12.05]'[08:28:44]     Fail: Expected: Business Acutal: null Message:  link not found on Landing Page.]]>
    </line>
    <line>
      <![CDATA[[LinkReference_LandingPage][2014.12.05]'[08:28:45]     Pass: Education link reference is correct]]>
    </line>
    <line>
      <![CDATA[[LinkReference_LandingPage][2014.12.05]'[08:28:46]     Pass: Health Sciences link reference is correct]]>
    </line>
    <line>
      <![CDATA[[LinkReference_LandingPage][2014.12.05]'[08:28:47]     Fail: Expected: Information Technology Acutal: null Message:  link not found on Landing Page.]]>
    </line>
    <line>
      <![CDATA[[LinkReference_LandingPage][2014.12.05]'[08:28:47]     Pass: Nursing link reference is correct]]>
    </line>
    <line>
      <![CDATA[[LinkReference_LandingPage][2014.12.05]'[08:28:48]     Pass: Professional and Continuing Education link reference is correct]]>
    </line>
    <line>
      <![CDATA[[LinkReference_LandingPage][2014.12.05]'[08:28:49]     Pass: Social and Behavioral Sciences link reference is correct]]>
    </line>
    <line>
      <![CDATA[[LinkReference_LandingPage][2014.12.05]'[08:28:50]     Pass: TTY link reference is correct]]>
    </line>
    <line>
      <![CDATA[[LinkReference_LandingPage][2014.12.05]'[08:28:51]     Pass: Request Information link reference is correct]]>
    </line>
    <line>
      <![CDATA[[CheckHome][2014.12.05]'[08:29:12]     Starts]]>
    </line>
    <line>
      <![CDATA[[CheckHome][2014.12.05]'[08:29:17]     Data: linkHOME is Present]]>
    </line>
    <line>
      <![CDATA[[CheckMyStudies][2014.12.05]'[08:29:17]     Starts]]>
    </line>
    <line>
      <![CDATA[[CheckMyStudies][2014.12.05]'[08:29:22]     Pass: MY Studies is Present]]>
    </line>
    <line>
      <![CDATA[[CheckMyStudies][2014.12.05]'[08:29:27]     Pass: Academic Support Center Header Text present]]>
    </line>
    <line>
      <![CDATA[[CheckHome][2014.12.05]'[08:29:47]     Starts]]>
    </line>
    <line>
      <![CDATA[[CheckHome][2014.12.05]'[08:29:50]     Data: linkHOME is Present]]>
    </line>
    <line>
      <![CDATA[[CheckMyStudies][2014.12.05]'[08:29:50]     Starts]]>
    </line>
    <line>
      <![CDATA[[CheckMyStudies][2014.12.05]'[08:29:55]     Pass: MY Studies is Present]]>
    </line>
    <line>
      <![CDATA[[CheckMyStudies][2014.12.05]'[08:30:02]     Pass: Academic Support Center Header Text present]]>
    </line>
    <line>
      <![CDATA[[AboutKaplanUniversity][2014.12.05]'[08:30:11]     Starts]]>
    </line>
    <line>
      <![CDATA[[LinkReference_LandingPage][2014.12.05]'[08:30:14]     Starts]]>
    </line>
    <line>
      <![CDATA[[LinkReference_LandingPage][2014.12.05]'[08:30:17]     Pass: Out of school and need to make a payment?  link reference is correct]]>
    </line>
    <line>
      <![CDATA[[LinkReference_LandingPage][2014.12.05]'[08:30:17]     Pass: All Programs link reference is correct]]>
    </line>
    <line>
      <![CDATA[[LinkReference_LandingPage][2014.12.05]'[08:30:18]     Pass: Apply link reference is correct]]>
    </line>
    <line>
      <![CDATA[[LinkReference_LandingPage][2014.12.05]'[08:30:18]     Pass: About Kaplan University link reference is correct]]>
    </line>
    <line>
      <![CDATA[[LinkReference_LandingPage][2014.12.05]'[08:30:18]     Pass: Tuition and Financial Aid link reference is correct]]>
    </line>
    <line>
      <![CDATA[[LinkReference_LandingPage][2014.12.05]'[08:30:18]     Pass: Mission link reference is correct]]>
    </line>
    <line>
      <![CDATA[[LinkReference_LandingPage][2014.12.05]'[08:30:18]     Pass: Press Room link reference is correct]]>
    </line>
    <line>
      <![CDATA[[LinkReference_LandingPage][2014.12.05]'[08:30:18]     Pass: Contact Us link reference is correct]]>
    </line>
    <line>
      <![CDATA[[LinkReference_LandingPage][2014.12.05]'[08:30:19]     Pass: Join Our Faculty link reference is correct]]>
    </line>
    <line>
      <![CDATA[[LinkReference_LandingPage][2014.12.05]'[08:30:19]     Fail: Expected: Business Acutal: null Message:  link not found on Landing Page.]]>
    </line>
    <line>
      <![CDATA[[LinkReference_LandingPage][2014.12.05]'[08:30:19]     Pass: Education link reference is correct]]>
    </line>
    <line>
      <![CDATA[[LinkReference_LandingPage][2014.12.05]'[08:30:19]     Pass: Health Sciences link reference is correct]]>
    </line>
    <line>
      <![CDATA[[LinkReference_LandingPage][2014.12.05]'[08:30:20]     Fail: Expected: Information Technology Acutal: null Message:  link not found on Landing Page.]]>
    </line>
    <line>
      <![CDATA[[LinkReference_LandingPage][2014.12.05]'[08:30:20]     Pass: Nursing link reference is correct]]>
    </line>
    <line>
      <![CDATA[[LinkReference_LandingPage][2014.12.05]'[08:30:20]     Pass: Professional and Continuing Education link reference is correct]]>
    </line>
    <line>
      <![CDATA[[LinkReference_LandingPage][2014.12.05]'[08:30:20]     Pass: Social and Behavioral Sciences link reference is correct]]>
    </line>
    <line>
      <![CDATA[[LinkReference_LandingPage][2014.12.05]'[08:30:21]     Pass: TTY link reference is correct]]>
    </line>
    <line>
      <![CDATA[[LinkReference_LandingPage][2014.12.05]'[08:30:21]     Pass: Request Information link reference is correct]]>
    </line>
    <line>
      <![CDATA[[LinkReference_LandingPage][2014.12.05]'[08:30:21]     Starts]]>
    </line>
    <line>
      <![CDATA[[LinkReference_LandingPage][2014.12.05]'[08:30:24]     Pass: Out of school and need to make a payment?  link reference is correct]]>
    </line>
    <line>
      <![CDATA[[LinkReference_LandingPage][2014.12.05]'[08:30:24]     Pass: All Programs link reference is correct]]>
    </line>
    <line>
      <![CDATA[[LinkReference_LandingPage][2014.12.05]'[08:30:24]     Pass: Apply link reference is correct]]>
    </line>
    <line>
      <![CDATA[[LinkReference_LandingPage][2014.12.05]'[08:30:24]     Pass: About Kaplan University link reference is correct]]>
    </line>
    <line>
      <![CDATA[[LinkReference_LandingPage][2014.12.05]'[08:30:25]     Pass: Tuition and Financial Aid link reference is correct]]>
    </line>
    <line>
      <![CDATA[[LinkReference_LandingPage][2014.12.05]'[08:30:25]     Pass: Mission link reference is correct]]>
    </line>
    <line>
      <![CDATA[[LinkReference_LandingPage][2014.12.05]'[08:30:25]     Pass: Press Room link reference is correct]]>
    </line>
    <line>
      <![CDATA[[LinkReference_LandingPage][2014.12.05]'[08:30:25]     Pass: Contact Us link reference is correct]]>
    </line>
    <line>
      <![CDATA[[LinkReference_LandingPage][2014.12.05]'[08:30:25]     Pass: Join Our Faculty link reference is correct]]>
    </line>
    <line>
      <![CDATA[[LinkReference_LandingPage][2014.12.05]'[08:30:26]     Fail: Expected: Business Acutal: null Message:  link not found on Landing Page.]]>
    </line>
    <line>
      <![CDATA[[LinkReference_LandingPage][2014.12.05]'[08:30:26]     Pass: Education link reference is correct]]>
    </line>
    <line>
      <![CDATA[[LinkReference_LandingPage][2014.12.05]'[08:30:26]     Pass: Health Sciences link reference is correct]]>
    </line>
    <line>
      <![CDATA[[LinkReference_LandingPage][2014.12.05]'[08:30:26]     Fail: Expected: Information Technology Acutal: null Message:  link not found on Landing Page.]]>
    </line>
    <line>
      <![CDATA[[LinkReference_LandingPage][2014.12.05]'[08:30:27]     Pass: Nursing link reference is correct]]>
    </line>
    <line>
      <![CDATA[[LinkReference_LandingPage][2014.12.05]'[08:30:27]     Pass: Professional and Continuing Education link reference is correct]]>
    </line>
    <line>
      <![CDATA[[LinkReference_LandingPage][2014.12.05]'[08:30:27]     Pass: Social and Behavioral Sciences link reference is correct]]>
    </line>
    <line>
      <![CDATA[[LinkReference_LandingPage][2014.12.05]'[08:30:27]     Pass: TTY link reference is correct]]>
    </line>
    <line>
      <![CDATA[[LinkReference_LandingPage][2014.12.05]'[08:30:28]     Pass: Request Information link reference is correct]]>
    </line>
    <line>
      <![CDATA[[LinkReference_LandingPage][2014.12.05]'[08:30:28]     Starts]]>
    </line>
    <line>
      <![CDATA[[LinkReference_LandingPage][2014.12.05]'[08:30:30]     Pass: Out of school and need to make a payment?  link reference is correct]]>
    </line>
    <line>
      <![CDATA[[LinkReference_LandingPage][2014.12.05]'[08:30:30]     Pass: All Programs link reference is correct]]>
    </line>
    <line>
      <![CDATA[[LinkReference_LandingPage][2014.12.05]'[08:30:30]     Pass: Apply link reference is correct]]>
    </line>
    <line>
      <![CDATA[[LinkReference_LandingPage][2014.12.05]'[08:30:30]     Pass: About Kaplan University link reference is correct]]>
    </line>
    <line>
      <![CDATA[[LinkReference_LandingPage][2014.12.05]'[08:30:30]     Pass: Tuition and Financial Aid link reference is correct]]>
    </line>
    <line>
      <![CDATA[[LinkReference_LandingPage][2014.12.05]'[08:30:30]     Pass: Mission link reference is correct]]>
    </line>
    <line>
      <![CDATA[[LinkReference_LandingPage][2014.12.05]'[08:30:31]     Pass: Press Room link reference is correct]]>
    </line>
    <line>
      <![CDATA[[LinkReference_LandingPage][2014.12.05]'[08:30:31]     Pass: Contact Us link reference is correct]]>
    </line>
    <line>
      <![CDATA[[LinkReference_LandingPage][2014.12.05]'[08:30:31]     Pass: Join Our Faculty link reference is correct]]>
    </line>
    <line>
      <![CDATA[[LinkReference_LandingPage][2014.12.05]'[08:30:31]     Fail: Expected: Business Acutal: null Message:  link not found on Landing Page.]]>
    </line>
    <line>
      <![CDATA[[LinkReference_LandingPage][2014.12.05]'[08:30:31]     Pass: Education link reference is correct]]>
    </line>
    <line>
      <![CDATA[[LinkReference_LandingPage][2014.12.05]'[08:30:32]     Pass: Health Sciences link reference is correct]]>
    </line>
    <line>
      <![CDATA[[LinkReference_LandingPage][2014.12.05]'[08:30:32]     Fail: Expected: Information Technology Acutal: null Message:  link not found on Landing Page.]]>
    </line>
    <line>
      <![CDATA[[LinkReference_LandingPage][2014.12.05]'[08:30:32]     Pass: Nursing link reference is correct]]>
    </line>
    <line>
      <![CDATA[[LinkReference_LandingPage][2014.12.05]'[08:30:32]     Pass: Professional and Continuing Education link reference is correct]]>
    </line>
    <line>
      <![CDATA[[LinkReference_LandingPage][2014.12.05]'[08:30:33]     Pass: Social and Behavioral Sciences link reference is correct]]>
    </line>
    <line>
      <![CDATA[[LinkReference_LandingPage][2014.12.05]'[08:30:33]     Pass: TTY link reference is correct]]>
    </line>
    <line>
      <![CDATA[[LinkReference_LandingPage][2014.12.05]'[08:30:33]     Pass: Request Information link reference is correct]]>
    </line>
    <line>
      <![CDATA[LinkReference_LandingPage Send Mail]]>
    </line>
    <line>
      <![CDATA[Failure Count is not 0. Please check the Reporter log for failed items expected [0] but found [2] Send Mail]]>
    </line>
  </reporter-output>
  <suite name="KUPortal_Navigation" duration-ms="123563" started-at="2014-12-05T14:58:31Z" finished-at="2014-12-05T15:00:34Z">
    <groups>
      <group name="Grp_Navigation">
        <method signature="Test_HomePage.CheckHome(java.lang.reflect.Method)[pri:0, instance:KuPortal.Test_HomePage@1f37ef1]" name="CheckHome" class="KuPortal.Test_HomePage"/>
        <method signature="Test_HomePage.CheckMyStudies(java.lang.reflect.Method)[pri:0, instance:KuPortal.Test_HomePage@1f37ef1]" name="CheckMyStudies" class="KuPortal.Test_HomePage"/>
        <method signature="Test_LandingPage.LinkReference_LandingPage(java.lang.reflect.Method)[pri:0, instance:KuPortal.Test_LandingPage@a6d14e]" name="LinkReference_LandingPage" class="KuPortal.Test_LandingPage"/>
        <method signature="Test_HomePage.CheckHome(java.lang.reflect.Method)[pri:0, instance:KuPortal.Test_HomePage@580929]" name="CheckHome" class="KuPortal.Test_HomePage"/>
        <method signature="Test_HomePage.CheckMyStudies(java.lang.reflect.Method)[pri:0, instance:KuPortal.Test_HomePage@580929]" name="CheckMyStudies" class="KuPortal.Test_HomePage"/>
        <method signature="Test_LandingPage.LinkReference_LandingPage(java.lang.reflect.Method)[pri:0, instance:KuPortal.Test_LandingPage@171769e]" name="LinkReference_LandingPage" class="KuPortal.Test_LandingPage"/>
      </group> <!-- Grp_Navigation -->
    </groups>
    <test name="KUPortal_TopNavigation_IE" duration-ms="56833" started-at="2014-12-05T14:58:31Z" finished-at="2014-12-05T14:59:28Z">
      <class name="KuPortal.Test_HomePage">
        <test-method status="PASS" signature="BeforeClass_HomePage(java.lang.String)[pri:0, instance:KuPortal.Test_HomePage@1f37ef1]" name="BeforeClass_HomePage" is-config="true" duration-ms="41356" started-at="2014-12-05T20:28:31Z" finished-at="2014-12-05T20:29:12Z">
          <params>
            <param index="0">
              <value>
                <![CDATA[ie]]>
              </value>
            </param>
          </params>
          <reporter-output>
          </reporter-output>
        </test-method> <!-- BeforeClass_HomePage -->
        <test-method status="PASS" signature="CheckHome(java.lang.reflect.Method)[pri:0, instance:KuPortal.Test_HomePage@1f37ef1]" name="CheckHome" duration-ms="5295" started-at="2014-12-05T20:29:12Z" finished-at="2014-12-05T20:29:17Z">
          <params>
            <param index="0">
              <value>
                <![CDATA[public void KuPortal.Test_HomePage.CheckHome(java.lang.reflect.Method)]]>
              </value>
            </param>
          </params>
          <reporter-output>
            <line>
              <![CDATA[[CheckHome][2014.12.05]'[08:29:17]     Data: linkHOME is Present]]>
            </line>
          </reporter-output>
        </test-method> <!-- CheckHome -->
        <test-method status="PASS" signature="BeforeMethod(java.lang.reflect.Method)[pri:0, instance:KuPortal.Test_HomePage@1f37ef1]" name="BeforeMethod" is-config="true" duration-ms="0" started-at="2014-12-05T20:29:12Z" finished-at="2014-12-05T20:29:12Z">
          <params>
            <param index="0">
              <value>
                <![CDATA[public void KuPortal.Test_HomePage.CheckHome(java.lang.reflect.Method)]]>
              </value>
            </param>
          </params>
          <reporter-output>
            <line>
              <![CDATA[[CheckHome][2014.12.05]'[08:29:12]     Starts]]>
            </line>
          </reporter-output>
        </test-method> <!-- BeforeMethod -->
        <test-method status="PASS" signature="BeforeMethod(java.lang.reflect.Method)[pri:0, instance:KuPortal.Test_HomePage@1f37ef1]" name="BeforeMethod" is-config="true" duration-ms="1" started-at="2014-12-05T20:29:17Z" finished-at="2014-12-05T20:29:17Z">
          <params>
            <param index="0">
              <value>
                <![CDATA[public void KuPortal.Test_HomePage.CheckMyStudies(java.lang.reflect.Method)]]>
              </value>
            </param>
          </params>
          <reporter-output>
            <line>
              <![CDATA[[CheckMyStudies][2014.12.05]'[08:29:17]     Starts]]>
            </line>
          </reporter-output>
        </test-method> <!-- BeforeMethod -->
        <test-method status="PASS" signature="CheckMyStudies(java.lang.reflect.Method)[pri:0, instance:KuPortal.Test_HomePage@1f37ef1]" name="CheckMyStudies" duration-ms="9152" started-at="2014-12-05T20:29:17Z" finished-at="2014-12-05T20:29:27Z">
          <params>
            <param index="0">
              <value>
                <![CDATA[public void KuPortal.Test_HomePage.CheckMyStudies(java.lang.reflect.Method)]]>
              </value>
            </param>
          </params>
          <reporter-output>
            <line>
              <![CDATA[[CheckMyStudies][2014.12.05]'[08:29:22]     Pass: MY Studies is Present]]>
            </line>
            <line>
              <![CDATA[[CheckMyStudies][2014.12.05]'[08:29:27]     Pass: Academic Support Center Header Text present]]>
            </line>
          </reporter-output>
        </test-method> <!-- CheckMyStudies -->
        <test-method status="PASS" signature="AfterClassHomePage()[pri:0, instance:KuPortal.Test_HomePage@1f37ef1]" name="AfterClassHomePage" is-config="true" duration-ms="1019" started-at="2014-12-05T20:29:27Z" finished-at="2014-12-05T20:29:28Z">
          <reporter-output>
          </reporter-output>
        </test-method> <!-- AfterClassHomePage -->
      </class> <!-- KuPortal.Test_HomePage -->
      <class name="KuPortal.Test_LandingPage">
        <test-method status="PASS" signature="BeforeClass(java.lang.String)[pri:0, instance:KuPortal.Test_LandingPage@a6d14e]" name="BeforeClass" is-config="true" duration-ms="6777" started-at="2014-12-05T20:28:31Z" finished-at="2014-12-05T20:28:38Z">
          <params>
            <param index="0">
              <value>
                <![CDATA[ie]]>
              </value>
            </param>
          </params>
          <reporter-output>
          </reporter-output>
        </test-method> <!-- BeforeClass -->
        <test-method status="PASS" signature="BeforeMethod(java.lang.reflect.Method)[pri:0, instance:KuPortal.Test_LandingPage@a6d14e]" name="BeforeMethod" is-config="true" duration-ms="12" started-at="2014-12-05T20:28:38Z" finished-at="2014-12-05T20:28:38Z">
          <params>
            <param index="0">
              <value>
                <![CDATA[public void KuPortal.Test_LandingPage.AboutKaplanUniversity()]]>
              </value>
            </param>
          </params>
          <reporter-output>
            <line>
              <![CDATA[[AboutKaplanUniversity][2014.12.05]'[08:28:38]     Starts]]>
            </line>
          </reporter-output>
        </test-method> <!-- BeforeMethod -->
        <test-method status="PASS" signature="AboutKaplanUniversity()[pri:0, instance:KuPortal.Test_LandingPage@a6d14e]" name="AboutKaplanUniversity" duration-ms="913" started-at="2014-12-05T20:28:38Z" finished-at="2014-12-05T20:28:38Z">
          <reporter-output>
          </reporter-output>
        </test-method> <!-- AboutKaplanUniversity -->
        <test-method status="PASS" signature="BeforeMethod(java.lang.reflect.Method)[pri:0, instance:KuPortal.Test_LandingPage@a6d14e]" name="BeforeMethod" is-config="true" duration-ms="0" started-at="2014-12-05T20:28:38Z" finished-at="2014-12-05T20:28:38Z">
          <params>
            <param index="0">
              <value>
                <![CDATA[public void KuPortal.Test_LandingPage.LinkReference_LandingPage(java.lang.reflect.Method)]]>
              </value>
            </param>
          </params>
          <reporter-output>
            <line>
              <![CDATA[[LinkReference_LandingPage][2014.12.05]'[08:28:38]     Starts]]>
            </line>
          </reporter-output>
        </test-method> <!-- BeforeMethod -->
        <test-method status="FAIL" signature="LinkReference_LandingPage(java.lang.reflect.Method)[pri:0, instance:KuPortal.Test_LandingPage@a6d14e]" name="LinkReference_LandingPage" duration-ms="12167" started-at="2014-12-05T20:28:38Z" finished-at="2014-12-05T20:28:51Z">
          <params>
            <param index="0">
              <value>
                <![CDATA[public void KuPortal.Test_LandingPage.LinkReference_LandingPage(java.lang.reflect.Method)]]>
              </value>
            </param>
          </params>
          <exception class="java.lang.AssertionError">
            <message>
              <![CDATA[Failure Count is not 0. Please check the Reporter log for failed items expected [0] but found [2]]]>
            </message>
            <full-stacktrace>
              <![CDATA[java.lang.AssertionError: Failure Count is not 0. Please check the Reporter log for failed items expected [0] but found [2]
	at org.testng.Assert.fail(Assert.java:94)
	at org.testng.Assert.failNotEquals(Assert.java:494)
	at org.testng.Assert.assertEquals(Assert.java:123)
	at org.testng.Assert.assertEquals(Assert.java:370)
	at KuPortal.Test_LandingPage.LinkReference_LandingPage(Unknown Source)
	at sun.reflect.NativeMethodAccessorImpl.invoke0(Native Method)
	at sun.reflect.NativeMethodAccessorImpl.invoke(NativeMethodAccessorImpl.java:62)
	at sun.reflect.DelegatingMethodAccessorImpl.invoke(DelegatingMethodAccessorImpl.java:43)
	at java.lang.reflect.Method.invoke(Method.java:483)
	at org.testng.internal.MethodInvocationHelper.invokeMethod(MethodInvocationHelper.java:84)
	at org.testng.internal.Invoker.invokeMethod(Invoker.java:714)
	at org.testng.internal.Invoker.invokeTestMethod(Invoker.java:901)
	at org.testng.internal.Invoker.invokeTestMethods(Invoker.java:1231)
	at org.testng.internal.TestMethodWorker.invokeTestMethods(TestMethodWorker.java:127)
	at org.testng.internal.TestMethodWorker.run(TestMethodWorker.java:111)
	at java.util.concurrent.ThreadPoolExecutor.runWorker(ThreadPoolExecutor.java:1142)
	at java.util.concurrent.ThreadPoolExecutor$Worker.run(ThreadPoolExecutor.java:617)
	at java.lang.Thread.run(Thread.java:744)
]]>
            </full-stacktrace>
          </exception> <!-- java.lang.AssertionError -->
          <reporter-output>
            <line>
              <![CDATA[[LinkReference_LandingPage][2014.12.05]'[08:28:40]     Pass: Out of school and need to make a payment?  link reference is correct]]>
            </line>
            <line>
              <![CDATA[[LinkReference_LandingPage][2014.12.05]'[08:28:40]     Pass: All Programs link reference is correct]]>
            </line>
            <line>
              <![CDATA[[LinkReference_LandingPage][2014.12.05]'[08:28:40]     Pass: Apply link reference is correct]]>
            </line>
            <line>
              <![CDATA[[LinkReference_LandingPage][2014.12.05]'[08:28:41]     Pass: About Kaplan University link reference is correct]]>
            </line>
            <line>
              <![CDATA[[LinkReference_LandingPage][2014.12.05]'[08:28:41]     Pass: Tuition and Financial Aid link reference is correct]]>
            </line>
            <line>
              <![CDATA[[LinkReference_LandingPage][2014.12.05]'[08:28:42]     Pass: Mission link reference is correct]]>
            </line>
            <line>
              <![CDATA[[LinkReference_LandingPage][2014.12.05]'[08:28:42]     Pass: Press Room link reference is correct]]>
            </line>
            <line>
              <![CDATA[[LinkReference_LandingPage][2014.12.05]'[08:28:43]     Pass: Contact Us link reference is correct]]>
            </line>
            <line>
              <![CDATA[[LinkReference_LandingPage][2014.12.05]'[08:28:43]     Pass: Join Our Faculty link reference is correct]]>
            </line>
            <line>
              <![CDATA[[LinkReference_LandingPage][2014.12.05]'[08:28:44]     Fail: Expected: Business Acutal: null Message:  link not found on Landing Page.]]>
            </line>
            <line>
              <![CDATA[[LinkReference_LandingPage][2014.12.05]'[08:28:45]     Pass: Education link reference is correct]]>
            </line>
            <line>
              <![CDATA[[LinkReference_LandingPage][2014.12.05]'[08:28:46]     Pass: Health Sciences link reference is correct]]>
            </line>
            <line>
              <![CDATA[[LinkReference_LandingPage][2014.12.05]'[08:28:47]     Fail: Expected: Information Technology Acutal: null Message:  link not found on Landing Page.]]>
            </line>
            <line>
              <![CDATA[[LinkReference_LandingPage][2014.12.05]'[08:28:47]     Pass: Nursing link reference is correct]]>
            </line>
            <line>
              <![CDATA[[LinkReference_LandingPage][2014.12.05]'[08:28:48]     Pass: Professional and Continuing Education link reference is correct]]>
            </line>
            <line>
              <![CDATA[[LinkReference_LandingPage][2014.12.05]'[08:28:49]     Pass: Social and Behavioral Sciences link reference is correct]]>
            </line>
            <line>
              <![CDATA[[LinkReference_LandingPage][2014.12.05]'[08:28:50]     Pass: TTY link reference is correct]]>
            </line>
            <line>
              <![CDATA[[LinkReference_LandingPage][2014.12.05]'[08:28:51]     Pass: Request Information link reference is correct]]>
            </line>
          </reporter-output>
        </test-method> <!-- LinkReference_LandingPage -->
        <test-method status="PASS" signature="AfterClassTestLandingPage()[pri:0, instance:KuPortal.Test_LandingPage@a6d14e]" name="AfterClassTestLandingPage" is-config="true" duration-ms="1023" started-at="2014-12-05T20:28:51Z" finished-at="2014-12-05T20:28:52Z">
          <reporter-output>
          </reporter-output>
        </test-method> <!-- AfterClassTestLandingPage -->
      </class> <!-- KuPortal.Test_LandingPage -->
    </test> <!-- KUPortal_TopNavigation_IE -->
    <test name="KUPortal_TopNavigation_CHROME" duration-ms="66711" started-at="2014-12-05T14:59:28Z" finished-at="2014-12-05T15:00:34Z">
      <class name="KuPortal.Test_HomePage">
        <test-method status="PASS" signature="BeforeClass_HomePage(java.lang.String)[pri:0, instance:KuPortal.Test_HomePage@580929]" name="BeforeClass_HomePage" is-config="true" duration-ms="19762" started-at="2014-12-05T20:29:28Z" finished-at="2014-12-05T20:29:47Z">
          <params>
            <param index="0">
              <value>
                <![CDATA[chrome]]>
              </value>
            </param>
          </params>
          <reporter-output>
          </reporter-output>
        </test-method> <!-- BeforeClass_HomePage -->
        <test-method status="PASS" signature="CheckHome(java.lang.reflect.Method)[pri:0, instance:KuPortal.Test_HomePage@580929]" name="CheckHome" duration-ms="2707" started-at="2014-12-05T20:29:47Z" finished-at="2014-12-05T20:29:50Z">
          <params>
            <param index="0">
              <value>
                <![CDATA[public void KuPortal.Test_HomePage.CheckHome(java.lang.reflect.Method)]]>
              </value>
            </param>
          </params>
          <reporter-output>
            <line>
              <![CDATA[[CheckHome][2014.12.05]'[08:29:50]     Data: linkHOME is Present]]>
            </line>
          </reporter-output>
        </test-method> <!-- CheckHome -->
        <test-method status="PASS" signature="BeforeMethod(java.lang.reflect.Method)[pri:0, instance:KuPortal.Test_HomePage@580929]" name="BeforeMethod" is-config="true" duration-ms="0" started-at="2014-12-05T20:29:47Z" finished-at="2014-12-05T20:29:47Z">
          <params>
            <param index="0">
              <value>
                <![CDATA[public void KuPortal.Test_HomePage.CheckHome(java.lang.reflect.Method)]]>
              </value>
            </param>
          </params>
          <reporter-output>
            <line>
              <![CDATA[[CheckHome][2014.12.05]'[08:29:47]     Starts]]>
            </line>
          </reporter-output>
        </test-method> <!-- BeforeMethod -->
        <test-method status="PASS" signature="CheckMyStudies(java.lang.reflect.Method)[pri:0, instance:KuPortal.Test_HomePage@580929]" name="CheckMyStudies" duration-ms="11945" started-at="2014-12-05T20:29:50Z" finished-at="2014-12-05T20:30:02Z">
          <params>
            <param index="0">
              <value>
                <![CDATA[public void KuPortal.Test_HomePage.CheckMyStudies(java.lang.reflect.Method)]]>
              </value>
            </param>
          </params>
          <reporter-output>
            <line>
              <![CDATA[[CheckMyStudies][2014.12.05]'[08:29:55]     Pass: MY Studies is Present]]>
            </line>
            <line>
              <![CDATA[[CheckMyStudies][2014.12.05]'[08:30:02]     Pass: Academic Support Center Header Text present]]>
            </line>
          </reporter-output>
        </test-method> <!-- CheckMyStudies -->
        <test-method status="PASS" signature="BeforeMethod(java.lang.reflect.Method)[pri:0, instance:KuPortal.Test_HomePage@580929]" name="BeforeMethod" is-config="true" duration-ms="0" started-at="2014-12-05T20:29:50Z" finished-at="2014-12-05T20:29:50Z">
          <params>
            <param index="0">
              <value>
                <![CDATA[public void KuPortal.Test_HomePage.CheckMyStudies(java.lang.reflect.Method)]]>
              </value>
            </param>
          </params>
          <reporter-output>
            <line>
              <![CDATA[[CheckMyStudies][2014.12.05]'[08:29:50]     Starts]]>
            </line>
          </reporter-output>
        </test-method> <!-- BeforeMethod -->
        <test-method status="PASS" signature="AfterClassHomePage()[pri:0, instance:KuPortal.Test_HomePage@580929]" name="AfterClassHomePage" is-config="true" duration-ms="1250" started-at="2014-12-05T20:30:02Z" finished-at="2014-12-05T20:30:03Z">
          <reporter-output>
          </reporter-output>
        </test-method> <!-- AfterClassHomePage -->
      </class> <!-- KuPortal.Test_HomePage -->
      <class name="KuPortal.Test_LandingPage">
        <test-method status="PASS" signature="BeforeClass(java.lang.String)[pri:0, instance:KuPortal.Test_LandingPage@171769e]" name="BeforeClass" is-config="true" duration-ms="43784" started-at="2014-12-05T20:29:28Z" finished-at="2014-12-05T20:30:11Z">
          <params>
            <param index="0">
              <value>
                <![CDATA[chrome]]>
              </value>
            </param>
          </params>
          <reporter-output>
          </reporter-output>
        </test-method> <!-- BeforeClass -->
        <test-method status="PASS" signature="BeforeMethod(java.lang.reflect.Method)[pri:0, instance:KuPortal.Test_LandingPage@171769e]" name="BeforeMethod" is-config="true" duration-ms="1" started-at="2014-12-05T20:30:11Z" finished-at="2014-12-05T20:30:11Z">
          <params>
            <param index="0">
              <value>
                <![CDATA[public void KuPortal.Test_LandingPage.AboutKaplanUniversity()]]>
              </value>
            </param>
          </params>
          <reporter-output>
            <line>
              <![CDATA[[AboutKaplanUniversity][2014.12.05]'[08:30:11]     Starts]]>
            </line>
          </reporter-output>
        </test-method> <!-- BeforeMethod -->
        <test-method status="PASS" signature="AboutKaplanUniversity()[pri:0, instance:KuPortal.Test_LandingPage@171769e]" name="AboutKaplanUniversity" duration-ms="2793" started-at="2014-12-05T20:30:11Z" finished-at="2014-12-05T20:30:14Z">
          <reporter-output>
          </reporter-output>
        </test-method> <!-- AboutKaplanUniversity -->
        <test-method status="PASS" signature="BeforeMethod(java.lang.reflect.Method)[pri:0, instance:KuPortal.Test_LandingPage@171769e]" name="BeforeMethod" is-config="true" duration-ms="1" started-at="2014-12-05T20:30:14Z" finished-at="2014-12-05T20:30:14Z">
          <params>
            <param index="0">
              <value>
                <![CDATA[public void KuPortal.Test_LandingPage.LinkReference_LandingPage(java.lang.reflect.Method)]]>
              </value>
            </param>
          </params>
          <reporter-output>
            <line>
              <![CDATA[[LinkReference_LandingPage][2014.12.05]'[08:30:14]     Starts]]>
            </line>
          </reporter-output>
        </test-method> <!-- BeforeMethod -->
        <test-method status="FAIL" signature="LinkReference_LandingPage(java.lang.reflect.Method)[pri:0, instance:KuPortal.Test_LandingPage@171769e]" name="LinkReference_LandingPage" duration-ms="6840" started-at="2014-12-05T20:30:14Z" finished-at="2014-12-05T20:30:21Z">
          <params>
            <param index="0">
              <value>
                <![CDATA[public void KuPortal.Test_LandingPage.LinkReference_LandingPage(java.lang.reflect.Method)]]>
              </value>
            </param>
          </params>
          <exception class="java.lang.AssertionError">
            <message>
              <![CDATA[Failure Count is not 0. Please check the Reporter log for failed items expected [0] but found [2]]]>
            </message>
            <full-stacktrace>
              <![CDATA[java.lang.AssertionError: Failure Count is not 0. Please check the Reporter log for failed items expected [0] but found [2]
	at org.testng.Assert.fail(Assert.java:94)
	at org.testng.Assert.failNotEquals(Assert.java:494)
	at org.testng.Assert.assertEquals(Assert.java:123)
	at org.testng.Assert.assertEquals(Assert.java:370)
	at KuPortal.Test_LandingPage.LinkReference_LandingPage(Unknown Source)
	at sun.reflect.NativeMethodAccessorImpl.invoke0(Native Method)
	at sun.reflect.NativeMethodAccessorImpl.invoke(NativeMethodAccessorImpl.java:62)
	at sun.reflect.DelegatingMethodAccessorImpl.invoke(DelegatingMethodAccessorImpl.java:43)
	at java.lang.reflect.Method.invoke(Method.java:483)
	at org.testng.internal.MethodInvocationHelper.invokeMethod(MethodInvocationHelper.java:84)
	at org.testng.internal.Invoker.invokeMethod(Invoker.java:714)
	at org.testng.internal.Invoker.invokeTestMethod(Invoker.java:901)
	at org.testng.internal.Invoker.invokeTestMethods(Invoker.java:1231)
	at org.testng.internal.TestMethodWorker.invokeTestMethods(TestMethodWorker.java:127)
	at org.testng.internal.TestMethodWorker.run(TestMethodWorker.java:111)
	at java.util.concurrent.ThreadPoolExecutor.runWorker(ThreadPoolExecutor.java:1142)
	at java.util.concurrent.ThreadPoolExecutor$Worker.run(ThreadPoolExecutor.java:617)
	at java.lang.Thread.run(Thread.java:744)
]]>
            </full-stacktrace>
          </exception> <!-- java.lang.AssertionError -->
          <reporter-output>
            <line>
              <![CDATA[[LinkReference_LandingPage][2014.12.05]'[08:30:17]     Pass: Out of school and need to make a payment?  link reference is correct]]>
            </line>
            <line>
              <![CDATA[[LinkReference_LandingPage][2014.12.05]'[08:30:17]     Pass: All Programs link reference is correct]]>
            </line>
            <line>
              <![CDATA[[LinkReference_LandingPage][2014.12.05]'[08:30:18]     Pass: Apply link reference is correct]]>
            </line>
            <line>
              <![CDATA[[LinkReference_LandingPage][2014.12.05]'[08:30:18]     Pass: About Kaplan University link reference is correct]]>
            </line>
            <line>
              <![CDATA[[LinkReference_LandingPage][2014.12.05]'[08:30:18]     Pass: Tuition and Financial Aid link reference is correct]]>
            </line>
            <line>
              <![CDATA[[LinkReference_LandingPage][2014.12.05]'[08:30:18]     Pass: Mission link reference is correct]]>
            </line>
            <line>
              <![CDATA[[LinkReference_LandingPage][2014.12.05]'[08:30:18]     Pass: Press Room link reference is correct]]>
            </line>
            <line>
              <![CDATA[[LinkReference_LandingPage][2014.12.05]'[08:30:18]     Pass: Contact Us link reference is correct]]>
            </line>
            <line>
              <![CDATA[[LinkReference_LandingPage][2014.12.05]'[08:30:19]     Pass: Join Our Faculty link reference is correct]]>
            </line>
            <line>
              <![CDATA[[LinkReference_LandingPage][2014.12.05]'[08:30:19]     Fail: Expected: Business Acutal: null Message:  link not found on Landing Page.]]>
            </line>
            <line>
              <![CDATA[[LinkReference_LandingPage][2014.12.05]'[08:30:19]     Pass: Education link reference is correct]]>
            </line>
            <line>
              <![CDATA[[LinkReference_LandingPage][2014.12.05]'[08:30:19]     Pass: Health Sciences link reference is correct]]>
            </line>
            <line>
              <![CDATA[[LinkReference_LandingPage][2014.12.05]'[08:30:20]     Fail: Expected: Information Technology Acutal: null Message:  link not found on Landing Page.]]>
            </line>
            <line>
              <![CDATA[[LinkReference_LandingPage][2014.12.05]'[08:30:20]     Pass: Nursing link reference is correct]]>
            </line>
            <line>
              <![CDATA[[LinkReference_LandingPage][2014.12.05]'[08:30:20]     Pass: Professional and Continuing Education link reference is correct]]>
            </line>
            <line>
              <![CDATA[[LinkReference_LandingPage][2014.12.05]'[08:30:20]     Pass: Social and Behavioral Sciences link reference is correct]]>
            </line>
            <line>
              <![CDATA[[LinkReference_LandingPage][2014.12.05]'[08:30:21]     Pass: TTY link reference is correct]]>
            </line>
            <line>
              <![CDATA[[LinkReference_LandingPage][2014.12.05]'[08:30:21]     Pass: Request Information link reference is correct]]>
            </line>
          </reporter-output>
        </test-method> <!-- LinkReference_LandingPage -->
        <test-method status="PASS" signature="BeforeMethod(java.lang.reflect.Method)[pri:0, instance:KuPortal.Test_LandingPage@171769e]" name="BeforeMethod" is-config="true" duration-ms="0" started-at="2014-12-05T20:30:21Z" finished-at="2014-12-05T20:30:21Z">
          <params>
            <param index="0">
              <value>
                <![CDATA[public void KuPortal.Test_LandingPage.LinkReference_LandingPage(java.lang.reflect.Method)]]>
              </value>
            </param>
          </params>
          <reporter-output>
            <line>
              <![CDATA[[LinkReference_LandingPage][2014.12.05]'[08:30:21]     Starts]]>
            </line>
          </reporter-output>
        </test-method> <!-- BeforeMethod -->
        <test-method status="FAIL" signature="LinkReference_LandingPage(java.lang.reflect.Method)[pri:0, instance:KuPortal.Test_LandingPage@171769e]" name="LinkReference_LandingPage" duration-ms="6610" started-at="2014-12-05T20:30:21Z" finished-at="2014-12-05T20:30:28Z">
          <params>
            <param index="0">
              <value>
                <![CDATA[public void KuPortal.Test_LandingPage.LinkReference_LandingPage(java.lang.reflect.Method)]]>
              </value>
            </param>
          </params>
          <exception class="java.lang.AssertionError">
            <message>
              <![CDATA[Failure Count is not 0. Please check the Reporter log for failed items expected [0] but found [2]]]>
            </message>
            <full-stacktrace>
              <![CDATA[java.lang.AssertionError: Failure Count is not 0. Please check the Reporter log for failed items expected [0] but found [2]
	at org.testng.Assert.fail(Assert.java:94)
	at org.testng.Assert.failNotEquals(Assert.java:494)
	at org.testng.Assert.assertEquals(Assert.java:123)
	at org.testng.Assert.assertEquals(Assert.java:370)
	at KuPortal.Test_LandingPage.LinkReference_LandingPage(Unknown Source)
	at sun.reflect.NativeMethodAccessorImpl.invoke0(Native Method)
	at sun.reflect.NativeMethodAccessorImpl.invoke(NativeMethodAccessorImpl.java:62)
	at sun.reflect.DelegatingMethodAccessorImpl.invoke(DelegatingMethodAccessorImpl.java:43)
	at java.lang.reflect.Method.invoke(Method.java:483)
	at org.testng.internal.MethodInvocationHelper.invokeMethod(MethodInvocationHelper.java:84)
	at org.testng.internal.Invoker.invokeMethod(Invoker.java:714)
	at org.testng.internal.Invoker.retryFailed(Invoker.java:1049)
	at org.testng.internal.Invoker.invokeTestMethods(Invoker.java:1254)
	at org.testng.internal.TestMethodWorker.invokeTestMethods(TestMethodWorker.java:127)
	at org.testng.internal.TestMethodWorker.run(TestMethodWorker.java:111)
	at java.util.concurrent.ThreadPoolExecutor.runWorker(ThreadPoolExecutor.java:1142)
	at java.util.concurrent.ThreadPoolExecutor$Worker.run(ThreadPoolExecutor.java:617)
	at java.lang.Thread.run(Thread.java:744)
]]>
            </full-stacktrace>
          </exception> <!-- java.lang.AssertionError -->
          <reporter-output>
            <line>
              <![CDATA[[LinkReference_LandingPage][2014.12.05]'[08:30:24]     Pass: Out of school and need to make a payment?  link reference is correct]]>
            </line>
            <line>
              <![CDATA[[LinkReference_LandingPage][2014.12.05]'[08:30:24]     Pass: All Programs link reference is correct]]>
            </line>
            <line>
              <![CDATA[[LinkReference_LandingPage][2014.12.05]'[08:30:24]     Pass: Apply link reference is correct]]>
            </line>
            <line>
              <![CDATA[[LinkReference_LandingPage][2014.12.05]'[08:30:24]     Pass: About Kaplan University link reference is correct]]>
            </line>
            <line>
              <![CDATA[[LinkReference_LandingPage][2014.12.05]'[08:30:25]     Pass: Tuition and Financial Aid link reference is correct]]>
            </line>
            <line>
              <![CDATA[[LinkReference_LandingPage][2014.12.05]'[08:30:25]     Pass: Mission link reference is correct]]>
            </line>
            <line>
              <![CDATA[[LinkReference_LandingPage][2014.12.05]'[08:30:25]     Pass: Press Room link reference is correct]]>
            </line>
            <line>
              <![CDATA[[LinkReference_LandingPage][2014.12.05]'[08:30:25]     Pass: Contact Us link reference is correct]]>
            </line>
            <line>
              <![CDATA[[LinkReference_LandingPage][2014.12.05]'[08:30:25]     Pass: Join Our Faculty link reference is correct]]>
            </line>
            <line>
              <![CDATA[[LinkReference_LandingPage][2014.12.05]'[08:30:26]     Fail: Expected: Business Acutal: null Message:  link not found on Landing Page.]]>
            </line>
            <line>
              <![CDATA[[LinkReference_LandingPage][2014.12.05]'[08:30:26]     Pass: Education link reference is correct]]>
            </line>
            <line>
              <![CDATA[[LinkReference_LandingPage][2014.12.05]'[08:30:26]     Pass: Health Sciences link reference is correct]]>
            </line>
            <line>
              <![CDATA[[LinkReference_LandingPage][2014.12.05]'[08:30:26]     Fail: Expected: Information Technology Acutal: null Message:  link not found on Landing Page.]]>
            </line>
            <line>
              <![CDATA[[LinkReference_LandingPage][2014.12.05]'[08:30:27]     Pass: Nursing link reference is correct]]>
            </line>
            <line>
              <![CDATA[[LinkReference_LandingPage][2014.12.05]'[08:30:27]     Pass: Professional and Continuing Education link reference is correct]]>
            </line>
            <line>
              <![CDATA[[LinkReference_LandingPage][2014.12.05]'[08:30:27]     Pass: Social and Behavioral Sciences link reference is correct]]>
            </line>
            <line>
              <![CDATA[[LinkReference_LandingPage][2014.12.05]'[08:30:27]     Pass: TTY link reference is correct]]>
            </line>
            <line>
              <![CDATA[[LinkReference_LandingPage][2014.12.05]'[08:30:28]     Pass: Request Information link reference is correct]]>
            </line>
          </reporter-output>
        </test-method> <!-- LinkReference_LandingPage -->
        <test-method status="PASS" signature="BeforeMethod(java.lang.reflect.Method)[pri:0, instance:KuPortal.Test_LandingPage@171769e]" name="BeforeMethod" is-config="true" duration-ms="0" started-at="2014-12-05T20:30:28Z" finished-at="2014-12-05T20:30:28Z">
          <params>
            <param index="0">
              <value>
                <![CDATA[public void KuPortal.Test_LandingPage.LinkReference_LandingPage(java.lang.reflect.Method)]]>
              </value>
            </param>
          </params>
          <reporter-output>
            <line>
              <![CDATA[[LinkReference_LandingPage][2014.12.05]'[08:30:28]     Starts]]>
            </line>
          </reporter-output>
        </test-method> <!-- BeforeMethod -->
        <test-method status="FAIL" signature="LinkReference_LandingPage(java.lang.reflect.Method)[pri:0, instance:KuPortal.Test_LandingPage@171769e]" name="LinkReference_LandingPage" duration-ms="5526" started-at="2014-12-05T20:30:28Z" finished-at="2014-12-05T20:30:33Z">
          <params>
            <param index="0">
              <value>
                <![CDATA[public void KuPortal.Test_LandingPage.LinkReference_LandingPage(java.lang.reflect.Method)]]>
              </value>
            </param>
          </params>
          <exception class="java.lang.AssertionError">
            <message>
              <![CDATA[Failure Count is not 0. Please check the Reporter log for failed items expected [0] but found [2]]]>
            </message>
            <full-stacktrace>
              <![CDATA[java.lang.AssertionError: Failure Count is not 0. Please check the Reporter log for failed items expected [0] but found [2]
	at org.testng.Assert.fail(Assert.java:94)
	at org.testng.Assert.failNotEquals(Assert.java:494)
	at org.testng.Assert.assertEquals(Assert.java:123)
	at org.testng.Assert.assertEquals(Assert.java:370)
	at KuPortal.Test_LandingPage.LinkReference_LandingPage(Unknown Source)
	at sun.reflect.NativeMethodAccessorImpl.invoke0(Native Method)
	at sun.reflect.NativeMethodAccessorImpl.invoke(NativeMethodAccessorImpl.java:62)
	at sun.reflect.DelegatingMethodAccessorImpl.invoke(DelegatingMethodAccessorImpl.java:43)
	at java.lang.reflect.Method.invoke(Method.java:483)
	at org.testng.internal.MethodInvocationHelper.invokeMethod(MethodInvocationHelper.java:84)
	at org.testng.internal.Invoker.invokeMethod(Invoker.java:714)
	at org.testng.internal.Invoker.retryFailed(Invoker.java:1049)
	at org.testng.internal.Invoker.invokeTestMethods(Invoker.java:1254)
	at org.testng.internal.TestMethodWorker.invokeTestMethods(TestMethodWorker.java:127)
	at org.testng.internal.TestMethodWorker.run(TestMethodWorker.java:111)
	at java.util.concurrent.ThreadPoolExecutor.runWorker(ThreadPoolExecutor.java:1142)
	at java.util.concurrent.ThreadPoolExecutor$Worker.run(ThreadPoolExecutor.java:617)
	at java.lang.Thread.run(Thread.java:744)
]]>
            </full-stacktrace>
          </exception> <!-- java.lang.AssertionError -->
          <reporter-output>
            <line>
              <![CDATA[[LinkReference_LandingPage][2014.12.05]'[08:30:30]     Pass: Out of school and need to make a payment?  link reference is correct]]>
            </line>
            <line>
              <![CDATA[[LinkReference_LandingPage][2014.12.05]'[08:30:30]     Pass: All Programs link reference is correct]]>
            </line>
            <line>
              <![CDATA[[LinkReference_LandingPage][2014.12.05]'[08:30:30]     Pass: Apply link reference is correct]]>
            </line>
            <line>
              <![CDATA[[LinkReference_LandingPage][2014.12.05]'[08:30:30]     Pass: About Kaplan University link reference is correct]]>
            </line>
            <line>
              <![CDATA[[LinkReference_LandingPage][2014.12.05]'[08:30:30]     Pass: Tuition and Financial Aid link reference is correct]]>
            </line>
            <line>
              <![CDATA[[LinkReference_LandingPage][2014.12.05]'[08:30:30]     Pass: Mission link reference is correct]]>
            </line>
            <line>
              <![CDATA[[LinkReference_LandingPage][2014.12.05]'[08:30:31]     Pass: Press Room link reference is correct]]>
            </line>
            <line>
              <![CDATA[[LinkReference_LandingPage][2014.12.05]'[08:30:31]     Pass: Contact Us link reference is correct]]>
            </line>
            <line>
              <![CDATA[[LinkReference_LandingPage][2014.12.05]'[08:30:31]     Pass: Join Our Faculty link reference is correct]]>
            </line>
            <line>
              <![CDATA[[LinkReference_LandingPage][2014.12.05]'[08:30:31]     Fail: Expected: Business Acutal: null Message:  link not found on Landing Page.]]>
            </line>
            <line>
              <![CDATA[[LinkReference_LandingPage][2014.12.05]'[08:30:31]     Pass: Education link reference is correct]]>
            </line>
            <line>
              <![CDATA[[LinkReference_LandingPage][2014.12.05]'[08:30:32]     Pass: Health Sciences link reference is correct]]>
            </line>
            <line>
              <![CDATA[[LinkReference_LandingPage][2014.12.05]'[08:30:32]     Fail: Expected: Information Technology Acutal: null Message:  link not found on Landing Page.]]>
            </line>
            <line>
              <![CDATA[[LinkReference_LandingPage][2014.12.05]'[08:30:32]     Pass: Nursing link reference is correct]]>
            </line>
            <line>
              <![CDATA[[LinkReference_LandingPage][2014.12.05]'[08:30:32]     Pass: Professional and Continuing Education link reference is correct]]>
            </line>
            <line>
              <![CDATA[[LinkReference_LandingPage][2014.12.05]'[08:30:33]     Pass: Social and Behavioral Sciences link reference is correct]]>
            </line>
            <line>
              <![CDATA[[LinkReference_LandingPage][2014.12.05]'[08:30:33]     Pass: TTY link reference is correct]]>
            </line>
            <line>
              <![CDATA[[LinkReference_LandingPage][2014.12.05]'[08:30:33]     Pass: Request Information link reference is correct]]>
            </line>
            <line>
              <![CDATA[LinkReference_LandingPage Send Mail]]>
            </line>
            <line>
              <![CDATA[Failure Count is not 0. Please check the Reporter log for failed items expected [0] but found [2] Send Mail]]>
            </line>
          </reporter-output>
        </test-method> <!-- LinkReference_LandingPage -->
        <test-method status="PASS" signature="AfterClassTestLandingPage()[pri:0, instance:KuPortal.Test_LandingPage@171769e]" name="AfterClassTestLandingPage" is-config="true" duration-ms="1153" started-at="2014-12-05T20:30:33Z" finished-at="2014-12-05T20:30:34Z">
          <reporter-output>
          </reporter-output>
        </test-method> <!-- AfterClassTestLandingPage -->
      </class> <!-- KuPortal.Test_LandingPage -->
      <class name="KuPortal.EnvironmentVariables">
        <test-method status="PASS" signature="BeforeSuite(java.lang.String, java.lang.String, java.lang.String, org.testng.ITestContext)[pri:0, instance:KuPortal.EnvironmentVariables@152f6e2]" name="BeforeSuite" is-config="true" duration-ms="9" started-at="2014-12-05T20:28:31Z" finished-at="2014-12-05T20:28:31Z">
          <params>
            <param index="0">
              <value>
                <![CDATA[TEST]]>
              </value>
            </param>
            <param index="1">
              <value>
                <![CDATA[localhost]]>
              </value>
            </param>
            <param index="2">
              <value>
                <![CDATA[4444]]>
              </value>
            </param>
            <param index="3">
              <value>
                <![CDATA[org.testng.TestRunner@190c9c3]]>
              </value>
            </param>
          </params>
          <reporter-output>
            <line>
              <![CDATA[CheckHome]]>
            </line>
            <line>
              <![CDATA[CheckMyStudies]]>
            </line>
            <line>
              <![CDATA[AboutKaplanUniversity]]>
            </line>
            <line>
              <![CDATA[LinkReference_LandingPage]]>
            </line>
          </reporter-output>
        </test-method> <!-- BeforeSuite -->
      </class> <!-- KuPortal.EnvironmentVariables -->
    </test> <!-- KUPortal_TopNavigation_CHROME -->
  </suite> <!-- KUPortal_Navigation -->
</testng-results>
