<?xml version="1.0" encoding="UTF-8"?>
<!-- Generated by org.testng.reporters.JUnitXMLReporter -->
<testsuite hostname="G-0439" name="Orion3_Navigation_FireFox" tests="2" failures="0" timestamp="21 Oct 2015 09:54:07 GMT" time="491.956" errors="0">
  <testcase name="BrowseToAddInfoCallLeadPage" time="253.132" classname="inquiry_Leads.AddInfoCall_Lead_Creation"/>
  <testcase name="VerifyLeadInSRM" time="191.533" classname="inquiry_Leads.AddInfoCall_Lead_Creation"/>
</testsuite> <!-- Orion3_Navigation_FireFox -->
