<?xml version="1.0" encoding="UTF-8"?>
<!-- Generated by org.testng.reporters.JUnitXMLReporter -->
<testsuite hostname="G-0439" name="Orion3_Navigation_FireFox" tests="5" failures="0" timestamp="14 Apr 2016 21:41:37 GMT" time="10843.594" errors="0">
  <testcase name="@BeforeClass BeforeNavigation" time="0.0" classname="inquiry_Leads.SRM_Genesys_ValidateMilitary">
    <failure type="org.openqa.selenium.remote.UnreachableBrowserException" message="Error communicating with the remote browser. It may have died.
Build info: version: &amp;apos;2.46.0&amp;apos;, revision: &amp;apos;87c69e2&amp;apos;, time: &amp;apos;2015-06-04 16:17:10&amp;apos;
System info: host: &amp;apos;G-0439&amp;apos;, ip: &amp;apos;10.163.105.64&amp;apos;, os.name: &amp;apos;Windows 7&amp;apos;, os.arch: &amp;apos;x86&amp;apos;, os.version: &amp;apos;6.1&amp;apos;, java.version: &amp;apos;1.7.0_80&amp;apos;
Driver info: driver.version: RemoteWebDriver">
      <![CDATA[org.openqa.selenium.remote.UnreachableBrowserException: Error communicating with the remote browser. It may have died.
Build info: version: '2.46.0', revision: '87c69e2', time: '2015-06-04 16:17:10'
System info: host: 'G-0439', ip: '10.163.105.64', os.name: 'Windows 7', os.arch: 'x86', os.version: '6.1', java.version: '1.7.0_80'
Driver info: driver.version: RemoteWebDriver
	at org.openqa.selenium.remote.RemoteWebDriver.execute(RemoteWebDriver.java:599)
	at org.openqa.selenium.remote.RemoteWebDriver$RemoteWebDriverOptions$RemoteWindow.maximize(RemoteWebDriver.java:843)
	at inquiry_Leads.SRM_Genesys_ValidateMilitary.BeforeNavigation(SRM_Genesys_ValidateMilitary.java:202)
Caused by: java.net.SocketTimeoutException: Read timed out
	at java.net.SocketInputStream.socketRead0(Native Method)
	at java.net.SocketInputStream.read(Unknown Source)
	at java.net.SocketInputStream.read(Unknown Source)
	at org.apache.http.impl.io.SessionInputBufferImpl.streamRead(SessionInputBufferImpl.java:139)
	at org.apache.http.impl.io.SessionInputBufferImpl.fillBuffer(SessionInputBufferImpl.java:155)
	at org.apache.http.impl.io.SessionInputBufferImpl.readLine(SessionInputBufferImpl.java:284)
	at org.apache.http.impl.conn.DefaultHttpResponseParser.parseHead(DefaultHttpResponseParser.java:140)
	at org.apache.http.impl.conn.DefaultHttpResponseParser.parseHead(DefaultHttpResponseParser.java:57)
	at org.apache.http.impl.io.AbstractMessageParser.parse(AbstractMessageParser.java:261)
	at org.apache.http.impl.DefaultBHttpClientConnection.receiveResponseHeader(DefaultBHttpClientConnection.java:165)
	at org.apache.http.impl.conn.CPoolProxy.receiveResponseHeader(CPoolProxy.java:167)
	at org.apache.http.protocol.HttpRequestExecutor.doReceiveResponse(HttpRequestExecutor.java:272)
	at org.apache.http.protocol.HttpRequestExecutor.execute(HttpRequestExecutor.java:124)
	at org.apache.http.impl.execchain.MainClientExec.execute(MainClientExec.java:271)
	at org.apache.http.impl.execchain.ProtocolExec.execute(ProtocolExec.java:184)
	at org.apache.http.impl.execchain.RetryExec.execute(RetryExec.java:88)
	at org.apache.http.impl.execchain.RedirectExec.execute(RedirectExec.java:110)
	at org.apache.http.impl.client.InternalHttpClient.doExecute(InternalHttpClient.java:184)
	at org.apache.http.impl.client.CloseableHttpClient.execute(CloseableHttpClient.java:71)
	at org.apache.http.impl.client.CloseableHttpClient.execute(CloseableHttpClient.java:55)
	at org.openqa.selenium.remote.internal.ApacheHttpClient.fallBackExecute(ApacheHttpClient.java:143)
	at org.openqa.selenium.remote.internal.ApacheHttpClient.execute(ApacheHttpClient.java:89)
	at org.openqa.selenium.remote.HttpCommandExecutor.execute(HttpCommandExecutor.java:134)
	at org.openqa.selenium.remote.RemoteWebDriver.execute(RemoteWebDriver.java:578)
	... 26 more
... Removed 24 stack frames]]>
    </failure>
  </testcase> <!-- @BeforeClass BeforeNavigation -->
  <testcase name="@AfterClass AfterNavigation" time="0.0" classname="inquiry_Leads.SRM_Genesys_ValidateMilitary">
    <skipped/>
  </testcase> <!-- @AfterClass AfterNavigation -->
  <testcase name="BrowseToAddNewReferralLeadPage" time="0.166" classname="inquiry_Leads.SRM_Genesys_ValidateMilitary">
    <skipped/>
  </testcase> <!-- BrowseToAddNewReferralLeadPage -->
  <testcase name="SearchInquirySRM" time="0.0" classname="inquiry_Leads.SRM_Genesys_ValidateMilitary">
    <skipped/>
  </testcase> <!-- SearchInquirySRM -->
  <testcase name="SearchStudent_IWD" time="0.0" classname="inquiry_Leads.SRM_Genesys_ValidateMilitary">
    <skipped/>
  </testcase> <!-- SearchStudent_IWD -->
  <testcase name="UpdateInquiryMilitaryValueSRM" time="0.0" classname="inquiry_Leads.SRM_Genesys_ValidateMilitary">
    <skipped/>
  </testcase> <!-- UpdateInquiryMilitaryValueSRM -->
  <testcase name="SearchMilitaryStatusAfterModification_IWD" time="0.0" classname="inquiry_Leads.SRM_Genesys_ValidateMilitary">
    <skipped/>
  </testcase> <!-- SearchMilitaryStatusAfterModification_IWD -->
</testsuite> <!-- Orion3_Navigation_FireFox -->
