<?xml version="1.0" encoding="UTF-8"?>
<!-- Generated by org.testng.reporters.JUnitXMLReporter -->
<testsuite hostname="PARORA-LAPTOP" name="KUPortal_TopNavigation_IE" tests="4" failures="1" timestamp="5 Dec 2014 14:59:28 GMT" time="56.833" errors="0">
  <testcase name="AboutKaplanUniversity" time="0.913" classname="KuPortal.Test_LandingPage"/>
  <testcase name="LinkReference_LandingPage" time="12.167" classname="KuPortal.Test_LandingPage">
    <failure type="java.lang.AssertionError" message="Failure Count is not 0. Please check the Reporter log for failed items expected [0] but found [2]">
      <![CDATA[java.lang.AssertionError: Failure Count is not 0. Please check the Reporter log for failed items expected [0] but found [2]
	at KuPortal.Test_LandingPage.LinkReference_LandingPage(Unknown Source)
	at java.util.concurrent.ThreadPoolExecutor.runWorker(ThreadPoolExecutor.java:1142)
	at java.util.concurrent.ThreadPoolExecutor$Worker.run(ThreadPoolExecutor.java:617)
	at java.lang.Thread.run(Thread.java:744)
... Removed 14 stack frames]]>
    </failure>
  </testcase> <!-- LinkReference_LandingPage -->
  <testcase name="CheckHome" time="5.295" classname="KuPortal.Test_HomePage"/>
  <testcase name="CheckMyStudies" time="9.152" classname="KuPortal.Test_HomePage"/>
</testsuite> <!-- KUPortal_TopNavigation_IE -->
